<?xml version='1.0' encoding='UTF-8'?>
<testsuite hostname="MacBook-Pro-de-Mickael-2.local" name="IntegrationTest" tests="1" errors="0" failures="1" time="1.471">
                     <properties>
[...]
</properties>
                     <testcase classname="IntegrationTest" name="test" time="1.471">
                                                 <failure message="Configuration error[Cannot connect to database [db]]" type="sbt.ForkMain$ForkError">sbt.ForkMain$ForkError: Configuration error[Cannot connect to database [db]]
	at play.api.Configuration$.configError(Configuration.scala:154)
	at play.api.Configuration.reportError(Configuration.scala:806)
	at play.api.db.DefaultDBApi$$anonfun$connect$1.apply(DefaultDBApi.scala:48)
	at play.api.db.DefaultDBApi$$anonfun$connect$1.apply(DefaultDBApi.scala:42)
	at scala.collection.immutable.List.foreach(List.scala:381)
	at play.api.db.DefaultDBApi.connect(DefaultDBApi.scala:42)
	at play.api.db.DBApiProvider.get$lzycompute(DBModule.scala:72)
	at play.api.db.DBApiProvider.get(DBModule.scala:62)
	at play.api.db.DBApiProvider.get(DBModule.scala:58)
	at com.google.inject.internal.ProviderInternalFactory.provision(ProviderInternalFactory.java:81)
	at com.google.inject.internal.BoundProviderFactory.provision(BoundProviderFactory.java:72)
	at com.google.inject.internal.ProviderInternalFactory.circularGet(ProviderInternalFactory.java:61)
	at com.google.inject.internal.BoundProviderFactory.get(BoundProviderFactory.java:62)
	at com.google.inject.internal.SingleParameterInjector.inject(SingleParameterInjector.java:38)
	at com.google.inject.internal.SingleParameterInjector.getAll(SingleParameterInjector.java:62)
	at com.google.inject.internal.ConstructorInjector.provision(ConstructorInjector.java:104)
	at com.google.inject.internal.ConstructorInjector.construct(ConstructorInjector.java:85)
	at com.google.inject.internal.ConstructorBindingImpl$Factory.get(ConstructorBindingImpl.java:267)
	at com.google.inject.internal.ProviderToInternalFactoryAdapter$1.call(ProviderToInternalFactoryAdapter.java:46)
	at com.google.inject.internal.InjectorImpl.callInContext(InjectorImpl.java:1103)
	at com.google.inject.internal.ProviderToInternalFactoryAdapter.get(ProviderToInternalFactoryAdapter.java:40)
	at com.google.inject.internal.SingletonScope$1.get(SingletonScope.java:145)
	at com.google.inject.internal.InternalFactoryToProviderAdapter.get(InternalFactoryToProviderAdapter.java:41)
	at com.google.inject.internal.FactoryProxy.get(FactoryProxy.java:56)
	at com.google.inject.internal.SingleFieldInjector.inject(SingleFieldInjector.java:54)
	at com.google.inject.internal.MembersInjectorImpl.injectMembers(MembersInjectorImpl.java:132)
	at com.google.inject.internal.MembersInjectorImpl$1.call(MembersInjectorImpl.java:93)
	at com.google.inject.internal.MembersInjectorImpl$1.call(MembersInjectorImpl.java:80)
	at com.google.inject.internal.InjectorImpl.callInContext(InjectorImpl.java:1103)
	at com.google.inject.internal.MembersInjectorImpl.injectAndNotify(MembersInjectorImpl.java:80)
	at com.google.inject.internal.MembersInjectorImpl.injectMembers(MembersInjectorImpl.java:62)
	at com.google.inject.internal.InjectorImpl.injectMembers(InjectorImpl.java:984)
	at com.google.inject.util.Providers$GuicifiedProviderWithDependencies.initialize(Providers.java:149)
	at com.google.inject.util.Providers$GuicifiedProviderWithDependencies$$FastClassByGuice$$2a7177aa.invoke(&lt;generated&gt;)
	at com.google.inject.internal.cglib.reflect.$FastMethod.invoke(FastMethod.java:53)
	at com.google.inject.internal.SingleMethodInjector$1.invoke(SingleMethodInjector.java:57)
	at com.google.inject.internal.SingleMethodInjector.inject(SingleMethodInjector.java:91)
	at com.google.inject.internal.MembersInjectorImpl.injectMembers(MembersInjectorImpl.java:132)
	at com.google.inject.internal.MembersInjectorImpl$1.call(MembersInjectorImpl.java:93)
	at com.google.inject.internal.MembersInjectorImpl$1.call(MembersInjectorImpl.java:80)
	at com.google.inject.internal.InjectorImpl.callInContext(InjectorImpl.java:1092)
	at com.google.inject.internal.MembersInjectorImpl.injectAndNotify(MembersInjectorImpl.java:80)
	at com.google.inject.internal.Initializer$InjectableReference.get(Initializer.java:174)
	at com.google.inject.internal.Initializer.injectAll(Initializer.java:108)
	at com.google.inject.internal.InternalInjectorCreator.injectDynamically(InternalInjectorCreator.java:174)
	at com.google.inject.internal.InternalInjectorCreator.build(InternalInjectorCreator.java:110)
	at com.google.inject.Guice.createInjector(Guice.java:96)
	at com.google.inject.Guice.createInjector(Guice.java:84)
	at play.api.inject.guice.GuiceBuilder.injector(GuiceInjectorBuilder.scala:181)
	at play.api.inject.guice.GuiceApplicationBuilder.build(GuiceApplicationBuilder.scala:123)
	at play.api.test.FakeApplication.&lt;init&gt;(Fakes.scala:209)
	at play.test.FakeApplication.&lt;init&gt;(FakeApplication.java:51)
	at play.test.FakeApplication.&lt;init&gt;(FakeApplication.java:69)
	at play.test.Helpers.fakeApplication(Helpers.java:172)
	at IntegrationTest.test(IntegrationTest.java:19)
	at sun.reflect.NativeMethodAccessorImpl.invoke0(Native Method)
	at sun.reflect.NativeMethodAccessorImpl.invoke(NativeMethodAccessorImpl.java:62)
	at sun.reflect.DelegatingMethodAccessorImpl.invoke(DelegatingMethodAccessorImpl.java:43)
	at java.lang.reflect.Method.invoke(Method.java:498)
	at org.junit.runners.model.FrameworkMethod$1.runReflectiveCall(FrameworkMethod.java:50)
	at org.junit.internal.runners.model.ReflectiveCallable.run(ReflectiveCallable.java:12)
	at org.junit.runners.model.FrameworkMethod.invokeExplosively(FrameworkMethod.java:47)
	at org.junit.internal.runners.statements.InvokeMethod.evaluate(InvokeMethod.java:17)
	at org.junit.runners.ParentRunner.runLeaf(ParentRunner.java:325)
	at org.junit.runners.BlockJUnit4ClassRunner.runChild(BlockJUnit4ClassRunner.java:78)
	at org.junit.runners.BlockJUnit4ClassRunner.runChild(BlockJUnit4ClassRunner.java:57)
	at org.junit.runners.ParentRunner$3.run(ParentRunner.java:290)
	at org.junit.runners.ParentRunner$1.schedule(ParentRunner.java:71)
	at org.junit.runners.ParentRunner.runChildren(ParentRunner.java:288)
	at org.junit.runners.ParentRunner.access$000(ParentRunner.java:58)
	at org.junit.runners.ParentRunner$2.evaluate(ParentRunner.java:268)
	at org.junit.runners.ParentRunner.run(ParentRunner.java:363)
	at org.junit.runners.Suite.runChild(Suite.java:128)
	at org.junit.runners.Suite.runChild(Suite.java:27)
	at org.junit.runners.ParentRunner$3.run(ParentRunner.java:290)
	at org.junit.runners.ParentRunner$1.schedule(ParentRunner.java:71)
	at org.junit.runners.ParentRunner.runChildren(ParentRunner.java:288)
	at org.junit.runners.ParentRunner.access$000(ParentRunner.java:58)
	at org.junit.runners.ParentRunner$2.evaluate(ParentRunner.java:268)
	at org.junit.runners.ParentRunner.run(ParentRunner.java:363)
	at org.junit.runner.JUnitCore.run(JUnitCore.java:137)
	at org.junit.runner.JUnitCore.run(JUnitCore.java:115)
	at com.novocode.junit.JUnitRunner$1.execute(JUnitRunner.java:132)
	at sbt.ForkMain$Run$2.call(ForkMain.java:294)
	at sbt.ForkMain$Run$2.call(ForkMain.java:284)
	at java.util.concurrent.FutureTask.run(FutureTask.java:266)
	at java.util.concurrent.ThreadPoolExecutor.runWorker(ThreadPoolExecutor.java:1142)
	at java.util.concurrent.ThreadPoolExecutor$Worker.run(ThreadPoolExecutor.java:617)
	at java.lang.Thread.run(Thread.java:745)
Caused by: sbt.ForkMain$ForkError: Configuration error[either dataSource or dataSourceClassName is required]
	at play.api.Configuration$.configError(Configuration.scala:154)
	at play.api.PlayConfig.reportError(Configuration.scala:996)
	at play.api.db.HikariCPConnectionPool.create(HikariCPModule.scala:69)
	at play.api.db.PooledDatabase.createDataSource(Databases.scala:200)
	at play.api.db.DefaultDatabase.dataSource$lzycompute(Databases.scala:124)
	at play.api.db.DefaultDatabase.dataSource(Databases.scala:122)
	at play.api.db.DefaultDatabase.getConnection(Databases.scala:143)
	at play.api.db.DefaultDatabase.getConnection(Databases.scala:139)
	at play.api.db.DefaultDBApi$$anonfun$connect$1.apply(DefaultDBApi.scala:44)
	... 86 more
Caused by: sbt.ForkMain$ForkError: either dataSource or dataSourceClassName is required
	at com.zaxxer.hikari.HikariConfig.validate(HikariConfig.java:785)
	at play.api.db.HikariCPConfig.toHikariConfig(HikariCPModule.scala:140)
	at play.api.db.HikariCPConnectionPool$$anonfun$1.apply(HikariCPModule.scala:57)
	at play.api.db.HikariCPConnectionPool$$anonfun$1.apply(HikariCPModule.scala:54)
	at scala.util.Try$.apply(Try.scala:192)
	at play.api.db.HikariCPConnectionPool.create(HikariCPModule.scala:54)
	... 92 more
</failure>
                                               </testcase>
                     <system-out></system-out>
                     <system-err></system-err>
                   </testsuite>